<?xml version="1.0" encoding="UTF-8"?>
<!-- Generated by org.testng.reporters.JUnitReportReporter -->
<testsuite hostname="MAG" failures="0" tests="3" name="TestSuite.Suite" time="23.386" errors="0" timestamp="2024-06-04T13:51:57 IST" skipped="0">
  <testcase classname="TestSuite.Suite" name="open" time="18.629"/>
  <system-out/>
  <testcase classname="TestSuite.Suite" name="testlogo" time="3.054"/>
  <system-out/>
  <testcase classname="TestSuite.Suite" name="login" time="1.703"/>
  <system-out/>
</testsuite> <!-- TestSuite.Suite -->
