<?xml version="1.0" encoding="UTF-8"?>
<!-- Generated by org.testng.reporters.JUnitReportReporter -->
<testsuite hostname="MAG" failures="0" tests="1" name="Annotations.Annotation" time="0.008" errors="0" timestamp="2024-06-09T11:57:26 IST" skipped="0">
  <testcase classname="Annotations.Annotation" name="run1" time="0.008"/>
  <system-out/>
</testsuite> <!-- Annotations.Annotation -->
