<?xml version="1.0" encoding="UTF-8"?>
<!-- Generated by org.testng.reporters.JUnitReportReporter -->
<testsuite hostname="MAG" failures="0" tests="4" name="DependsMethod.DependsOnMethods" time="0.013" errors="0" timestamp="2024-06-10T11:45:59 IST" skipped="0">
  <testcase classname="DependsMethod.DependsOnMethods" name="openApp" time="0.009"/>
  <system-out/>
  <testcase classname="DependsMethod.DependsOnMethods" name="login" time="0.002"/>
  <system-out/>
  <testcase classname="DependsMethod.DependsOnMethods" name="search" time="0.001"/>
  <system-out/>
  <testcase classname="DependsMethod.DependsOnMethods" name="logout" time="0.001"/>
  <system-out/>
</testsuite> <!-- DependsMethod.DependsOnMethods -->
