<?xml version="1.0" encoding="UTF-8"?>
<!-- Generated by org.testng.reporters.JUnitReportReporter -->
<testsuite hostname="MAG" failures="0" tests="3" name="Grouping.Signup" time="0.010" errors="0" timestamp="2024-06-10T12:55:38 IST" skipped="0">
  <testcase classname="Grouping.Signup" name="singUpByEmail" time="0.008"/>
  <system-out/>
  <testcase classname="Grouping.Signup" name="singUpFaceBook" time="0.001"/>
  <system-out/>
  <testcase classname="Grouping.Signup" name="singUpTiwtter" time="0.001"/>
  <system-out/>
</testsuite> <!-- Grouping.Signup -->
