<?xml version="1.0" encoding="UTF-8"?>
<!-- Generated by org.testng.reporters.JUnitReportReporter -->
<testsuite hostname="MAG" failures="0" tests="3" name="Priority.TestCase" time="15.040" errors="0" timestamp="2024-06-04T08:56:59 IST" skipped="0">
  <testcase classname="Priority.TestCase" name="open" time="10.352"/>
  <system-out/>
  <testcase classname="Priority.TestCase" name="testlogo" time="3.074"/>
  <system-out/>
  <testcase classname="Priority.TestCase" name="login" time="1.614"/>
  <system-out/>
</testsuite> <!-- Priority.TestCase -->
