<?xml version="1.0" encoding="UTF-8"?>
<!-- Generated by org.testng.reporters.JUnitReportReporter -->
<testsuite hostname="MAG" failures="0" tests="3" name="TestNg.Test0" time="0.006" errors="0" timestamp="2024-06-04T13:51:57 IST" skipped="0">
  <testcase classname="TestNg.Test0" name="test1" time="0.004"/>
  <system-out/>
  <testcase classname="TestNg.Test0" name="test2" time="0.001"/>
  <system-out/>
  <testcase classname="TestNg.Test0" name="test3" time="0.001"/>
  <system-out/>
</testsuite> <!-- TestNg.Test0 -->
