<?xml version="1.0" encoding="UTF-8"?>
<!-- Generated by org.testng.reporters.JUnitReportReporter -->
<testsuite hostname="MAG" failures="0" tests="3" name="Priority.Priority" time="0.010" errors="0" timestamp="2024-06-10T11:45:48 IST" skipped="0">
  <testcase classname="Priority.Priority" name="test1" time="0.008"/>
  <system-out/>
  <testcase classname="Priority.Priority" name="test2" time="0.001"/>
  <system-out/>
  <testcase classname="Priority.Priority" name="test3" time="0.001"/>
  <system-out/>
</testsuite> <!-- Priority.Priority -->
