<?xml version="1.0" encoding="UTF-8"?>
<!-- Generated by org.testng.reporters.JUnitReportReporter -->
<testsuite hostname="MAG" failures="0" tests="2" name="Annotations.Methods" time="0.012" errors="0" timestamp="2024-06-05T12:23:31 IST" skipped="0">
  <testcase classname="Annotations.Methods" name="search" time="0.011"/>
  <system-out/>
  <testcase classname="Annotations.Methods" name="AdvanceSearch" time="0.001"/>
  <system-out/>
</testsuite> <!-- Annotations.Methods -->
