<?xml version="1.0" encoding="UTF-8"?>
<!-- Generated by org.testng.reporters.JUnitReportReporter -->
<testsuite hostname="MAG" failures="0" tests="3" name="Grouping.Login" time="0.003" errors="0" timestamp="2024-06-10T12:55:19 IST" skipped="0">
  <testcase classname="Grouping.Login" name="loginByEmail" time="0.001"/>
  <system-out/>
  <testcase classname="Grouping.Login" name="loginFaceBook" time="0.001"/>
  <system-out/>
  <testcase classname="Grouping.Login" name="loginTiwtter" time="0.001"/>
  <system-out/>
</testsuite> <!-- Grouping.Login -->
