<?xml version="1.0" encoding="UTF-8"?>
<!-- Generated by org.testng.reporters.JUnitReportReporter -->
<testsuite hostname="MAG" failures="0" tests="2" name="Grouping.Payment" time="0.009" errors="0" timestamp="2024-06-10T12:56:50 IST" skipped="0">
  <testcase classname="Grouping.Payment" name="paymentRupees" time="0.008"/>
  <system-out/>
  <testcase classname="Grouping.Payment" name="paymentDollars" time="0.001"/>
  <system-out/>
</testsuite> <!-- Grouping.Payment -->
