<?xml version="1.0" encoding="UTF-8"?>
<!-- Generated by org.testng.reporters.JUnitReportReporter -->
<testsuite hostname="MAG" failures="0" tests="2" name="Annotations.Classes" time="0.007" errors="0" timestamp="2024-06-05T12:47:36 IST" skipped="0">
  <testcase classname="Annotations.Classes" name="search" time="0.006"/>
  <system-out/>
  <testcase classname="Annotations.Classes" name="AdvanceSearch" time="0.001"/>
  <system-out/>
</testsuite> <!-- Annotations.Classes -->
