<?xml version="1.0" encoding="UTF-8"?>
<!-- Generated by org.testng.reporters.JUnitReportReporter -->
<testsuite hostname="MAG" failures="0" tests="6" name="Parallel.parellel" time="0.270" errors="0" timestamp="2024-06-12T21:53:04 IST" skipped="0">
  <testcase classname="Parallel.parellel" name="testLogo" time="0.095"/>
  <system-out/>
  <testcase classname="Parallel.parellel" name="testUrl" time="0.047"/>
  <system-out/>
  <testcase classname="Parallel.parellel" name="testTitle" time="0.032"/>
  <system-out/>
  <testcase classname="Parallel.parellel" name="testUrl" time="0.014"/>
  <system-out/>
  <testcase classname="Parallel.parellel" name="testTitle" time="0.019"/>
  <system-out/>
  <testcase classname="Parallel.parellel" name="testLogo" time="0.063"/>
  <system-out/>
</testsuite> <!-- Parallel.parellel -->
