<?xml version="1.0" encoding="UTF-8"?>
<!-- Generated by org.testng.reporters.JUnitReportReporter -->
<testsuite hostname="MAG" failures="0" tests="1" name="POMPageFactory.LoginTest2" time="2.984" errors="0" timestamp="2024-06-12T12:37:10 IST" skipped="0">
  <testcase classname="POMPageFactory.LoginTest2" name="testlogin" time="2.984"/>
</testsuite> <!-- POMPageFactory.LoginTest2 -->
