<?xml version="1.0" encoding="UTF-8"?>
<!-- Generated by org.testng.reporters.JUnitReportReporter -->
<testsuite hostname="MAG" failures="0" tests="1" name="POMClass.LoginTest" time="1.964" errors="0" timestamp="2024-06-12T11:41:22 IST" skipped="0">
  <testcase classname="POMClass.LoginTest" name="testlogin" time="1.964"/>
</testsuite> <!-- POMClass.LoginTest -->
